have_func: checking for rb_io_path()... -------------------- no

"gcc -o conftest -I/Users/phamhongan/.rvm/rubies/ruby-2.7.8/include/ruby-2.7.0/x86_64-darwin21 -I/Users/phamhongan/.rvm/rubies/ruby-2.7.8/include/ruby-2.7.0/ruby/backward -I/Users/phamhongan/.rvm/rubies/ruby-2.7.8/include/ruby-2.7.0 -I. -I/usr/local/opt/libxslt/include -I/usr/local/opt/libyaml/include -I/usr/local/opt/libksba/include -I/usr/local/opt/readline/include -I/usr/local/opt/zlib/include -I/usr/local/opt/openssl@1.1/include -D_XOPEN_SOURCE -D_DARWIN_C_SOURCE -D_DARWIN_UNLIMITED_SELECT -D_REENTRANT   -g -O2 -fno-common -pipe conftest.c  -L. -L/Users/phamhongan/.rvm/rubies/ruby-2.7.8/lib -L/usr/local/opt/libyaml/lib -L/usr/local/opt/libksba/lib -L/usr/local/opt/readline/lib -L/usr/local/opt/zlib/lib -L/usr/local/opt/openssl@1.1/lib -L. -L/usr/local/opt/libxslt/lib -fstack-protector-strong -L/usr/local/lib -L/usr/local/opt/libyaml/lib -L/usr/local/opt/libksba/lib -L/usr/local/opt/readline/lib -L/usr/local/opt/zlib/lib -L/usr/local/opt/openssl@1.1/lib     -lruby.2.7   "
checked program was:
/* begin */
1: #include "ruby.h"
2: 
3: int main(int argc, char **argv)
4: {
5:   return !!argv[argc];
6: }
/* end */

"gcc -o conftest -I/Users/phamhongan/.rvm/rubies/ruby-2.7.8/include/ruby-2.7.0/x86_64-darwin21 -I/Users/phamhongan/.rvm/rubies/ruby-2.7.8/include/ruby-2.7.0/ruby/backward -I/Users/phamhongan/.rvm/rubies/ruby-2.7.8/include/ruby-2.7.0 -I. -I/usr/local/opt/libxslt/include -I/usr/local/opt/libyaml/include -I/usr/local/opt/libksba/include -I/usr/local/opt/readline/include -I/usr/local/opt/zlib/include -I/usr/local/opt/openssl@1.1/include -D_XOPEN_SOURCE -D_DARWIN_C_SOURCE -D_DARWIN_UNLIMITED_SELECT -D_REENTRANT   -g -O2 -fno-common -pipe conftest.c  -L. -L/Users/phamhongan/.rvm/rubies/ruby-2.7.8/lib -L/usr/local/opt/libyaml/lib -L/usr/local/opt/libksba/lib -L/usr/local/opt/readline/lib -L/usr/local/opt/zlib/lib -L/usr/local/opt/openssl@1.1/lib -L. -L/usr/local/opt/libxslt/lib -fstack-protector-strong -L/usr/local/lib -L/usr/local/opt/libyaml/lib -L/usr/local/opt/libksba/lib -L/usr/local/opt/readline/lib -L/usr/local/opt/zlib/lib -L/usr/local/opt/openssl@1.1/lib     -lruby.2.7   "
conftest.c:14:57: error: use of undeclared identifier 'rb_io_path'
int t(void) { void ((*volatile p)()); p = (void ((*)()))rb_io_path; return !p; }
                                                        ^
1 error generated.
checked program was:
/* begin */
 1: #include "ruby.h"
 2: 
 3: /*top*/
 4: extern int t(void);
 5: int main(int argc, char **argv)
 6: {
 7:   if (argc > 1000000) {
 8:     int (* volatile tp)(void)=(int (*)(void))&t;
 9:     printf("%d", (*tp)());
10:   }
11: 
12:   return !!argv[argc];
13: }
14: int t(void) { void ((*volatile p)()); p = (void ((*)()))rb_io_path; return !p; }
/* end */

"gcc -o conftest -I/Users/phamhongan/.rvm/rubies/ruby-2.7.8/include/ruby-2.7.0/x86_64-darwin21 -I/Users/phamhongan/.rvm/rubies/ruby-2.7.8/include/ruby-2.7.0/ruby/backward -I/Users/phamhongan/.rvm/rubies/ruby-2.7.8/include/ruby-2.7.0 -I. -I/usr/local/opt/libxslt/include -I/usr/local/opt/libyaml/include -I/usr/local/opt/libksba/include -I/usr/local/opt/readline/include -I/usr/local/opt/zlib/include -I/usr/local/opt/openssl@1.1/include -D_XOPEN_SOURCE -D_DARWIN_C_SOURCE -D_DARWIN_UNLIMITED_SELECT -D_REENTRANT   -g -O2 -fno-common -pipe conftest.c  -L. -L/Users/phamhongan/.rvm/rubies/ruby-2.7.8/lib -L/usr/local/opt/libyaml/lib -L/usr/local/opt/libksba/lib -L/usr/local/opt/readline/lib -L/usr/local/opt/zlib/lib -L/usr/local/opt/openssl@1.1/lib -L. -L/usr/local/opt/libxslt/lib -fstack-protector-strong -L/usr/local/lib -L/usr/local/opt/libyaml/lib -L/usr/local/opt/libksba/lib -L/usr/local/opt/readline/lib -L/usr/local/opt/zlib/lib -L/usr/local/opt/openssl@1.1/lib     -lruby.2.7   "
Undefined symbols for architecture x86_64:
  "_rb_io_path", referenced from:
      _t in conftest-f0850c.o
ld: symbol(s) not found for architecture x86_64
clang: error: linker command failed with exit code 1 (use -v to see invocation)
checked program was:
/* begin */
 1: #include "ruby.h"
 2: 
 3: /*top*/
 4: extern int t(void);
 5: int main(int argc, char **argv)
 6: {
 7:   if (argc > 1000000) {
 8:     int (* volatile tp)(void)=(int (*)(void))&t;
 9:     printf("%d", (*tp)());
10:   }
11: 
12:   return !!argv[argc];
13: }
14: extern void rb_io_path();
15: int t(void) { rb_io_path(); return 0; }
/* end */

--------------------

have_func: checking for rb_io_descriptor()... -------------------- no

"gcc -o conftest -I/Users/phamhongan/.rvm/rubies/ruby-2.7.8/include/ruby-2.7.0/x86_64-darwin21 -I/Users/phamhongan/.rvm/rubies/ruby-2.7.8/include/ruby-2.7.0/ruby/backward -I/Users/phamhongan/.rvm/rubies/ruby-2.7.8/include/ruby-2.7.0 -I. -I/usr/local/opt/libxslt/include -I/usr/local/opt/libyaml/include -I/usr/local/opt/libksba/include -I/usr/local/opt/readline/include -I/usr/local/opt/zlib/include -I/usr/local/opt/openssl@1.1/include -D_XOPEN_SOURCE -D_DARWIN_C_SOURCE -D_DARWIN_UNLIMITED_SELECT -D_REENTRANT   -g -O2 -fno-common -pipe conftest.c  -L. -L/Users/phamhongan/.rvm/rubies/ruby-2.7.8/lib -L/usr/local/opt/libyaml/lib -L/usr/local/opt/libksba/lib -L/usr/local/opt/readline/lib -L/usr/local/opt/zlib/lib -L/usr/local/opt/openssl@1.1/lib -L. -L/usr/local/opt/libxslt/lib -fstack-protector-strong -L/usr/local/lib -L/usr/local/opt/libyaml/lib -L/usr/local/opt/libksba/lib -L/usr/local/opt/readline/lib -L/usr/local/opt/zlib/lib -L/usr/local/opt/openssl@1.1/lib     -lruby.2.7   "
conftest.c:14:57: error: use of undeclared identifier 'rb_io_descriptor'
int t(void) { void ((*volatile p)()); p = (void ((*)()))rb_io_descriptor; return !p; }
                                                        ^
1 error generated.
checked program was:
/* begin */
 1: #include "ruby.h"
 2: 
 3: /*top*/
 4: extern int t(void);
 5: int main(int argc, char **argv)
 6: {
 7:   if (argc > 1000000) {
 8:     int (* volatile tp)(void)=(int (*)(void))&t;
 9:     printf("%d", (*tp)());
10:   }
11: 
12:   return !!argv[argc];
13: }
14: int t(void) { void ((*volatile p)()); p = (void ((*)()))rb_io_descriptor; return !p; }
/* end */

"gcc -o conftest -I/Users/phamhongan/.rvm/rubies/ruby-2.7.8/include/ruby-2.7.0/x86_64-darwin21 -I/Users/phamhongan/.rvm/rubies/ruby-2.7.8/include/ruby-2.7.0/ruby/backward -I/Users/phamhongan/.rvm/rubies/ruby-2.7.8/include/ruby-2.7.0 -I. -I/usr/local/opt/libxslt/include -I/usr/local/opt/libyaml/include -I/usr/local/opt/libksba/include -I/usr/local/opt/readline/include -I/usr/local/opt/zlib/include -I/usr/local/opt/openssl@1.1/include -D_XOPEN_SOURCE -D_DARWIN_C_SOURCE -D_DARWIN_UNLIMITED_SELECT -D_REENTRANT   -g -O2 -fno-common -pipe conftest.c  -L. -L/Users/phamhongan/.rvm/rubies/ruby-2.7.8/lib -L/usr/local/opt/libyaml/lib -L/usr/local/opt/libksba/lib -L/usr/local/opt/readline/lib -L/usr/local/opt/zlib/lib -L/usr/local/opt/openssl@1.1/lib -L. -L/usr/local/opt/libxslt/lib -fstack-protector-strong -L/usr/local/lib -L/usr/local/opt/libyaml/lib -L/usr/local/opt/libksba/lib -L/usr/local/opt/readline/lib -L/usr/local/opt/zlib/lib -L/usr/local/opt/openssl@1.1/lib     -lruby.2.7   "
Undefined symbols for architecture x86_64:
  "_rb_io_descriptor", referenced from:
      _t in conftest-419c3b.o
ld: symbol(s) not found for architecture x86_64
clang: error: linker command failed with exit code 1 (use -v to see invocation)
checked program was:
/* begin */
 1: #include "ruby.h"
 2: 
 3: /*top*/
 4: extern int t(void);
 5: int main(int argc, char **argv)
 6: {
 7:   if (argc > 1000000) {
 8:     int (* volatile tp)(void)=(int (*)(void))&t;
 9:     printf("%d", (*tp)());
10:   }
11: 
12:   return !!argv[argc];
13: }
14: extern void rb_io_descriptor();
15: int t(void) { rb_io_descriptor(); return 0; }
/* end */

--------------------

have_func: checking for rb_io_get_write_io()... -------------------- yes

"gcc -o conftest -I/Users/phamhongan/.rvm/rubies/ruby-2.7.8/include/ruby-2.7.0/x86_64-darwin21 -I/Users/phamhongan/.rvm/rubies/ruby-2.7.8/include/ruby-2.7.0/ruby/backward -I/Users/phamhongan/.rvm/rubies/ruby-2.7.8/include/ruby-2.7.0 -I. -I/usr/local/opt/libxslt/include -I/usr/local/opt/libyaml/include -I/usr/local/opt/libksba/include -I/usr/local/opt/readline/include -I/usr/local/opt/zlib/include -I/usr/local/opt/openssl@1.1/include -D_XOPEN_SOURCE -D_DARWIN_C_SOURCE -D_DARWIN_UNLIMITED_SELECT -D_REENTRANT   -g -O2 -fno-common -pipe conftest.c  -L. -L/Users/phamhongan/.rvm/rubies/ruby-2.7.8/lib -L/usr/local/opt/libyaml/lib -L/usr/local/opt/libksba/lib -L/usr/local/opt/readline/lib -L/usr/local/opt/zlib/lib -L/usr/local/opt/openssl@1.1/lib -L. -L/usr/local/opt/libxslt/lib -fstack-protector-strong -L/usr/local/lib -L/usr/local/opt/libyaml/lib -L/usr/local/opt/libksba/lib -L/usr/local/opt/readline/lib -L/usr/local/opt/zlib/lib -L/usr/local/opt/openssl@1.1/lib     -lruby.2.7   "
conftest.c:14:57: error: use of undeclared identifier 'rb_io_get_write_io'
int t(void) { void ((*volatile p)()); p = (void ((*)()))rb_io_get_write_io; return !p; }
                                                        ^
1 error generated.
checked program was:
/* begin */
 1: #include "ruby.h"
 2: 
 3: /*top*/
 4: extern int t(void);
 5: int main(int argc, char **argv)
 6: {
 7:   if (argc > 1000000) {
 8:     int (* volatile tp)(void)=(int (*)(void))&t;
 9:     printf("%d", (*tp)());
10:   }
11: 
12:   return !!argv[argc];
13: }
14: int t(void) { void ((*volatile p)()); p = (void ((*)()))rb_io_get_write_io; return !p; }
/* end */

"gcc -o conftest -I/Users/phamhongan/.rvm/rubies/ruby-2.7.8/include/ruby-2.7.0/x86_64-darwin21 -I/Users/phamhongan/.rvm/rubies/ruby-2.7.8/include/ruby-2.7.0/ruby/backward -I/Users/phamhongan/.rvm/rubies/ruby-2.7.8/include/ruby-2.7.0 -I. -I/usr/local/opt/libxslt/include -I/usr/local/opt/libyaml/include -I/usr/local/opt/libksba/include -I/usr/local/opt/readline/include -I/usr/local/opt/zlib/include -I/usr/local/opt/openssl@1.1/include -D_XOPEN_SOURCE -D_DARWIN_C_SOURCE -D_DARWIN_UNLIMITED_SELECT -D_REENTRANT   -g -O2 -fno-common -pipe conftest.c  -L. -L/Users/phamhongan/.rvm/rubies/ruby-2.7.8/lib -L/usr/local/opt/libyaml/lib -L/usr/local/opt/libksba/lib -L/usr/local/opt/readline/lib -L/usr/local/opt/zlib/lib -L/usr/local/opt/openssl@1.1/lib -L. -L/usr/local/opt/libxslt/lib -fstack-protector-strong -L/usr/local/lib -L/usr/local/opt/libyaml/lib -L/usr/local/opt/libksba/lib -L/usr/local/opt/readline/lib -L/usr/local/opt/zlib/lib -L/usr/local/opt/openssl@1.1/lib     -lruby.2.7   "
checked program was:
/* begin */
 1: #include "ruby.h"
 2: 
 3: /*top*/
 4: extern int t(void);
 5: int main(int argc, char **argv)
 6: {
 7:   if (argc > 1000000) {
 8:     int (* volatile tp)(void)=(int (*)(void))&t;
 9:     printf("%d", (*tp)());
10:   }
11: 
12:   return !!argv[argc];
13: }
14: extern void rb_io_get_write_io();
15: int t(void) { rb_io_get_write_io(); return 0; }
/* end */

--------------------

have_func: checking for rb_io_closed_p()... -------------------- no

"gcc -o conftest -I/Users/phamhongan/.rvm/rubies/ruby-2.7.8/include/ruby-2.7.0/x86_64-darwin21 -I/Users/phamhongan/.rvm/rubies/ruby-2.7.8/include/ruby-2.7.0/ruby/backward -I/Users/phamhongan/.rvm/rubies/ruby-2.7.8/include/ruby-2.7.0 -I. -I/usr/local/opt/libxslt/include -I/usr/local/opt/libyaml/include -I/usr/local/opt/libksba/include -I/usr/local/opt/readline/include -I/usr/local/opt/zlib/include -I/usr/local/opt/openssl@1.1/include -D_XOPEN_SOURCE -D_DARWIN_C_SOURCE -D_DARWIN_UNLIMITED_SELECT -D_REENTRANT   -g -O2 -fno-common -pipe conftest.c  -L. -L/Users/phamhongan/.rvm/rubies/ruby-2.7.8/lib -L/usr/local/opt/libyaml/lib -L/usr/local/opt/libksba/lib -L/usr/local/opt/readline/lib -L/usr/local/opt/zlib/lib -L/usr/local/opt/openssl@1.1/lib -L. -L/usr/local/opt/libxslt/lib -fstack-protector-strong -L/usr/local/lib -L/usr/local/opt/libyaml/lib -L/usr/local/opt/libksba/lib -L/usr/local/opt/readline/lib -L/usr/local/opt/zlib/lib -L/usr/local/opt/openssl@1.1/lib     -lruby.2.7   "
conftest.c:14:57: error: use of undeclared identifier 'rb_io_closed_p'
int t(void) { void ((*volatile p)()); p = (void ((*)()))rb_io_closed_p; return !p; }
                                                        ^
1 error generated.
checked program was:
/* begin */
 1: #include "ruby.h"
 2: 
 3: /*top*/
 4: extern int t(void);
 5: int main(int argc, char **argv)
 6: {
 7:   if (argc > 1000000) {
 8:     int (* volatile tp)(void)=(int (*)(void))&t;
 9:     printf("%d", (*tp)());
10:   }
11: 
12:   return !!argv[argc];
13: }
14: int t(void) { void ((*volatile p)()); p = (void ((*)()))rb_io_closed_p; return !p; }
/* end */

"gcc -o conftest -I/Users/phamhongan/.rvm/rubies/ruby-2.7.8/include/ruby-2.7.0/x86_64-darwin21 -I/Users/phamhongan/.rvm/rubies/ruby-2.7.8/include/ruby-2.7.0/ruby/backward -I/Users/phamhongan/.rvm/rubies/ruby-2.7.8/include/ruby-2.7.0 -I. -I/usr/local/opt/libxslt/include -I/usr/local/opt/libyaml/include -I/usr/local/opt/libksba/include -I/usr/local/opt/readline/include -I/usr/local/opt/zlib/include -I/usr/local/opt/openssl@1.1/include -D_XOPEN_SOURCE -D_DARWIN_C_SOURCE -D_DARWIN_UNLIMITED_SELECT -D_REENTRANT   -g -O2 -fno-common -pipe conftest.c  -L. -L/Users/phamhongan/.rvm/rubies/ruby-2.7.8/lib -L/usr/local/opt/libyaml/lib -L/usr/local/opt/libksba/lib -L/usr/local/opt/readline/lib -L/usr/local/opt/zlib/lib -L/usr/local/opt/openssl@1.1/lib -L. -L/usr/local/opt/libxslt/lib -fstack-protector-strong -L/usr/local/lib -L/usr/local/opt/libyaml/lib -L/usr/local/opt/libksba/lib -L/usr/local/opt/readline/lib -L/usr/local/opt/zlib/lib -L/usr/local/opt/openssl@1.1/lib     -lruby.2.7   "
Undefined symbols for architecture x86_64:
  "_rb_io_closed_p", referenced from:
      _t in conftest-4a5714.o
ld: symbol(s) not found for architecture x86_64
clang: error: linker command failed with exit code 1 (use -v to see invocation)
checked program was:
/* begin */
 1: #include "ruby.h"
 2: 
 3: /*top*/
 4: extern int t(void);
 5: int main(int argc, char **argv)
 6: {
 7:   if (argc > 1000000) {
 8:     int (* volatile tp)(void)=(int (*)(void))&t;
 9:     printf("%d", (*tp)());
10:   }
11: 
12:   return !!argv[argc];
13: }
14: extern void rb_io_closed_p();
15: int t(void) { rb_io_closed_p(); return 0; }
/* end */

--------------------

have_func: checking for rb_io_open_descriptor()... -------------------- no

"gcc -o conftest -I/Users/phamhongan/.rvm/rubies/ruby-2.7.8/include/ruby-2.7.0/x86_64-darwin21 -I/Users/phamhongan/.rvm/rubies/ruby-2.7.8/include/ruby-2.7.0/ruby/backward -I/Users/phamhongan/.rvm/rubies/ruby-2.7.8/include/ruby-2.7.0 -I. -I/usr/local/opt/libxslt/include -I/usr/local/opt/libyaml/include -I/usr/local/opt/libksba/include -I/usr/local/opt/readline/include -I/usr/local/opt/zlib/include -I/usr/local/opt/openssl@1.1/include -D_XOPEN_SOURCE -D_DARWIN_C_SOURCE -D_DARWIN_UNLIMITED_SELECT -D_REENTRANT   -g -O2 -fno-common -pipe conftest.c  -L. -L/Users/phamhongan/.rvm/rubies/ruby-2.7.8/lib -L/usr/local/opt/libyaml/lib -L/usr/local/opt/libksba/lib -L/usr/local/opt/readline/lib -L/usr/local/opt/zlib/lib -L/usr/local/opt/openssl@1.1/lib -L. -L/usr/local/opt/libxslt/lib -fstack-protector-strong -L/usr/local/lib -L/usr/local/opt/libyaml/lib -L/usr/local/opt/libksba/lib -L/usr/local/opt/readline/lib -L/usr/local/opt/zlib/lib -L/usr/local/opt/openssl@1.1/lib     -lruby.2.7   "
conftest.c:14:57: error: use of undeclared identifier 'rb_io_open_descriptor'
int t(void) { void ((*volatile p)()); p = (void ((*)()))rb_io_open_descriptor; return !p; }
                                                        ^
1 error generated.
checked program was:
/* begin */
 1: #include "ruby.h"
 2: 
 3: /*top*/
 4: extern int t(void);
 5: int main(int argc, char **argv)
 6: {
 7:   if (argc > 1000000) {
 8:     int (* volatile tp)(void)=(int (*)(void))&t;
 9:     printf("%d", (*tp)());
10:   }
11: 
12:   return !!argv[argc];
13: }
14: int t(void) { void ((*volatile p)()); p = (void ((*)()))rb_io_open_descriptor; return !p; }
/* end */

"gcc -o conftest -I/Users/phamhongan/.rvm/rubies/ruby-2.7.8/include/ruby-2.7.0/x86_64-darwin21 -I/Users/phamhongan/.rvm/rubies/ruby-2.7.8/include/ruby-2.7.0/ruby/backward -I/Users/phamhongan/.rvm/rubies/ruby-2.7.8/include/ruby-2.7.0 -I. -I/usr/local/opt/libxslt/include -I/usr/local/opt/libyaml/include -I/usr/local/opt/libksba/include -I/usr/local/opt/readline/include -I/usr/local/opt/zlib/include -I/usr/local/opt/openssl@1.1/include -D_XOPEN_SOURCE -D_DARWIN_C_SOURCE -D_DARWIN_UNLIMITED_SELECT -D_REENTRANT   -g -O2 -fno-common -pipe conftest.c  -L. -L/Users/phamhongan/.rvm/rubies/ruby-2.7.8/lib -L/usr/local/opt/libyaml/lib -L/usr/local/opt/libksba/lib -L/usr/local/opt/readline/lib -L/usr/local/opt/zlib/lib -L/usr/local/opt/openssl@1.1/lib -L. -L/usr/local/opt/libxslt/lib -fstack-protector-strong -L/usr/local/lib -L/usr/local/opt/libyaml/lib -L/usr/local/opt/libksba/lib -L/usr/local/opt/readline/lib -L/usr/local/opt/zlib/lib -L/usr/local/opt/openssl@1.1/lib     -lruby.2.7   "
Undefined symbols for architecture x86_64:
  "_rb_io_open_descriptor", referenced from:
      _t in conftest-f6fc1c.o
ld: symbol(s) not found for architecture x86_64
clang: error: linker command failed with exit code 1 (use -v to see invocation)
checked program was:
/* begin */
 1: #include "ruby.h"
 2: 
 3: /*top*/
 4: extern int t(void);
 5: int main(int argc, char **argv)
 6: {
 7:   if (argc > 1000000) {
 8:     int (* volatile tp)(void)=(int (*)(void))&t;
 9:     printf("%d", (*tp)());
10:   }
11: 
12:   return !!argv[argc];
13: }
14: extern void rb_io_open_descriptor();
15: int t(void) { rb_io_open_descriptor(); return 0; }
/* end */

--------------------

"gcc -I/Users/phamhongan/.rvm/rubies/ruby-2.7.8/include/ruby-2.7.0/x86_64-darwin21 -I/Users/phamhongan/.rvm/rubies/ruby-2.7.8/include/ruby-2.7.0/ruby/backward -I/Users/phamhongan/.rvm/rubies/ruby-2.7.8/include/ruby-2.7.0 -I. -I/usr/local/opt/libxslt/include -I/usr/local/opt/libyaml/include -I/usr/local/opt/libksba/include -I/usr/local/opt/readline/include -I/usr/local/opt/zlib/include -I/usr/local/opt/openssl@1.1/include -D_XOPEN_SOURCE -D_DARWIN_C_SOURCE -D_DARWIN_UNLIMITED_SELECT -D_REENTRANT   -g -O2 -fno-common -pipe   -c conftest.c"
conftest.c:5:3: error: 
# error
  ^
conftest.c:6:1: error: expected identifier or '('
|:/ === _WIN32 undefined === /:|
^
2 errors generated.
checked program was:
/* begin */
1: #include "ruby.h"
2: 
3: /*top*/
4: #ifndef _WIN32
5: # error
6: |:/ === _WIN32 undefined === /:|
7: #endif
/* end */

have_header: checking for termios.h... -------------------- yes

"gcc -E -I/Users/phamhongan/.rvm/rubies/ruby-2.7.8/include/ruby-2.7.0/x86_64-darwin21 -I/Users/phamhongan/.rvm/rubies/ruby-2.7.8/include/ruby-2.7.0/ruby/backward -I/Users/phamhongan/.rvm/rubies/ruby-2.7.8/include/ruby-2.7.0 -I. -I/usr/local/opt/libxslt/include -I/usr/local/opt/libyaml/include -I/usr/local/opt/libksba/include -I/usr/local/opt/readline/include -I/usr/local/opt/zlib/include -I/usr/local/opt/openssl@1.1/include -D_XOPEN_SOURCE -D_DARWIN_C_SOURCE -D_DARWIN_UNLIMITED_SELECT -D_REENTRANT   -g -O2 -fno-common -pipe  conftest.c -o conftest.i"
checked program was:
/* begin */
1: #include "ruby.h"
2: 
3: #include <termios.h>
/* end */

--------------------

have_func: checking for cfmakeraw() in termios.h... -------------------- yes

"gcc -o conftest -I/Users/phamhongan/.rvm/rubies/ruby-2.7.8/include/ruby-2.7.0/x86_64-darwin21 -I/Users/phamhongan/.rvm/rubies/ruby-2.7.8/include/ruby-2.7.0/ruby/backward -I/Users/phamhongan/.rvm/rubies/ruby-2.7.8/include/ruby-2.7.0 -I. -I/usr/local/opt/libxslt/include -I/usr/local/opt/libyaml/include -I/usr/local/opt/libksba/include -I/usr/local/opt/readline/include -I/usr/local/opt/zlib/include -I/usr/local/opt/openssl@1.1/include -D_XOPEN_SOURCE -D_DARWIN_C_SOURCE -D_DARWIN_UNLIMITED_SELECT -D_REENTRANT   -g -O2 -fno-common -pipe conftest.c  -L. -L/Users/phamhongan/.rvm/rubies/ruby-2.7.8/lib -L/usr/local/opt/libyaml/lib -L/usr/local/opt/libksba/lib -L/usr/local/opt/readline/lib -L/usr/local/opt/zlib/lib -L/usr/local/opt/openssl@1.1/lib -L. -L/usr/local/opt/libxslt/lib -fstack-protector-strong -L/usr/local/lib -L/usr/local/opt/libyaml/lib -L/usr/local/opt/libksba/lib -L/usr/local/opt/readline/lib -L/usr/local/opt/zlib/lib -L/usr/local/opt/openssl@1.1/lib     -lruby.2.7   "
checked program was:
/* begin */
 1: #include "ruby.h"
 2: 
 3: #include <termios.h>
 4: 
 5: /*top*/
 6: extern int t(void);
 7: int main(int argc, char **argv)
 8: {
 9:   if (argc > 1000000) {
10:     int (* volatile tp)(void)=(int (*)(void))&t;
11:     printf("%d", (*tp)());
12:   }
13: 
14:   return !!argv[argc];
15: }
16: int t(void) { void ((*volatile p)()); p = (void ((*)()))cfmakeraw; return !p; }
/* end */

--------------------

have_header: checking for sys/ioctl.h... -------------------- yes

"gcc -E -I/Users/phamhongan/.rvm/rubies/ruby-2.7.8/include/ruby-2.7.0/x86_64-darwin21 -I/Users/phamhongan/.rvm/rubies/ruby-2.7.8/include/ruby-2.7.0/ruby/backward -I/Users/phamhongan/.rvm/rubies/ruby-2.7.8/include/ruby-2.7.0 -I. -I/usr/local/opt/libxslt/include -I/usr/local/opt/libyaml/include -I/usr/local/opt/libksba/include -I/usr/local/opt/readline/include -I/usr/local/opt/zlib/include -I/usr/local/opt/openssl@1.1/include -D_XOPEN_SOURCE -D_DARWIN_C_SOURCE -D_DARWIN_UNLIMITED_SELECT -D_REENTRANT   -g -O2 -fno-common -pipe  conftest.c -o conftest.i"
checked program was:
/* begin */
1: #include "ruby.h"
2: 
3: #include <sys/ioctl.h>
/* end */

--------------------

have_macro: checking for HAVE_RUBY_FIBER_SCHEDULER_H... -------------------- no

"gcc -I/Users/phamhongan/.rvm/rubies/ruby-2.7.8/include/ruby-2.7.0/x86_64-darwin21 -I/Users/phamhongan/.rvm/rubies/ruby-2.7.8/include/ruby-2.7.0/ruby/backward -I/Users/phamhongan/.rvm/rubies/ruby-2.7.8/include/ruby-2.7.0 -I. -I/usr/local/opt/libxslt/include -I/usr/local/opt/libyaml/include -I/usr/local/opt/libksba/include -I/usr/local/opt/readline/include -I/usr/local/opt/zlib/include -I/usr/local/opt/openssl@1.1/include -D_XOPEN_SOURCE -D_DARWIN_C_SOURCE -D_DARWIN_UNLIMITED_SELECT -D_REENTRANT   -g -O2 -fno-common -pipe   -c conftest.c"
conftest.c:5:3: error: 
# error
  ^
conftest.c:6:1: error: expected identifier or '('
|:/ === HAVE_RUBY_FIBER_SCHEDULER_H undefined === /:|
^
2 errors generated.
checked program was:
/* begin */
1: #include "ruby.h"
2: 
3: /*top*/
4: #ifndef HAVE_RUBY_FIBER_SCHEDULER_H
5: # error
6: |:/ === HAVE_RUBY_FIBER_SCHEDULER_H undefined === /:|
7: #endif
/* end */

--------------------

have_func: checking for rb_scheduler_timeout()... -------------------- no

"gcc -o conftest -I/Users/phamhongan/.rvm/rubies/ruby-2.7.8/include/ruby-2.7.0/x86_64-darwin21 -I/Users/phamhongan/.rvm/rubies/ruby-2.7.8/include/ruby-2.7.0/ruby/backward -I/Users/phamhongan/.rvm/rubies/ruby-2.7.8/include/ruby-2.7.0 -I. -I/usr/local/opt/libxslt/include -I/usr/local/opt/libyaml/include -I/usr/local/opt/libksba/include -I/usr/local/opt/readline/include -I/usr/local/opt/zlib/include -I/usr/local/opt/openssl@1.1/include -D_XOPEN_SOURCE -D_DARWIN_C_SOURCE -D_DARWIN_UNLIMITED_SELECT -D_REENTRANT   -g -O2 -fno-common -pipe conftest.c  -L. -L/Users/phamhongan/.rvm/rubies/ruby-2.7.8/lib -L/usr/local/opt/libyaml/lib -L/usr/local/opt/libksba/lib -L/usr/local/opt/readline/lib -L/usr/local/opt/zlib/lib -L/usr/local/opt/openssl@1.1/lib -L. -L/usr/local/opt/libxslt/lib -fstack-protector-strong -L/usr/local/lib -L/usr/local/opt/libyaml/lib -L/usr/local/opt/libksba/lib -L/usr/local/opt/readline/lib -L/usr/local/opt/zlib/lib -L/usr/local/opt/openssl@1.1/lib     -lruby.2.7   "
conftest.c:14:57: error: use of undeclared identifier 'rb_scheduler_timeout'
int t(void) { void ((*volatile p)()); p = (void ((*)()))rb_scheduler_timeout; return !p; }
                                                        ^
1 error generated.
checked program was:
/* begin */
 1: #include "ruby.h"
 2: 
 3: /*top*/
 4: extern int t(void);
 5: int main(int argc, char **argv)
 6: {
 7:   if (argc > 1000000) {
 8:     int (* volatile tp)(void)=(int (*)(void))&t;
 9:     printf("%d", (*tp)());
10:   }
11: 
12:   return !!argv[argc];
13: }
14: int t(void) { void ((*volatile p)()); p = (void ((*)()))rb_scheduler_timeout; return !p; }
/* end */

"gcc -o conftest -I/Users/phamhongan/.rvm/rubies/ruby-2.7.8/include/ruby-2.7.0/x86_64-darwin21 -I/Users/phamhongan/.rvm/rubies/ruby-2.7.8/include/ruby-2.7.0/ruby/backward -I/Users/phamhongan/.rvm/rubies/ruby-2.7.8/include/ruby-2.7.0 -I. -I/usr/local/opt/libxslt/include -I/usr/local/opt/libyaml/include -I/usr/local/opt/libksba/include -I/usr/local/opt/readline/include -I/usr/local/opt/zlib/include -I/usr/local/opt/openssl@1.1/include -D_XOPEN_SOURCE -D_DARWIN_C_SOURCE -D_DARWIN_UNLIMITED_SELECT -D_REENTRANT   -g -O2 -fno-common -pipe conftest.c  -L. -L/Users/phamhongan/.rvm/rubies/ruby-2.7.8/lib -L/usr/local/opt/libyaml/lib -L/usr/local/opt/libksba/lib -L/usr/local/opt/readline/lib -L/usr/local/opt/zlib/lib -L/usr/local/opt/openssl@1.1/lib -L. -L/usr/local/opt/libxslt/lib -fstack-protector-strong -L/usr/local/lib -L/usr/local/opt/libyaml/lib -L/usr/local/opt/libksba/lib -L/usr/local/opt/readline/lib -L/usr/local/opt/zlib/lib -L/usr/local/opt/openssl@1.1/lib     -lruby.2.7   "
Undefined symbols for architecture x86_64:
  "_rb_scheduler_timeout", referenced from:
      _t in conftest-e1f878.o
ld: symbol(s) not found for architecture x86_64
clang: error: linker command failed with exit code 1 (use -v to see invocation)
checked program was:
/* begin */
 1: #include "ruby.h"
 2: 
 3: /*top*/
 4: extern int t(void);
 5: int main(int argc, char **argv)
 6: {
 7:   if (argc > 1000000) {
 8:     int (* volatile tp)(void)=(int (*)(void))&t;
 9:     printf("%d", (*tp)());
10:   }
11: 
12:   return !!argv[argc];
13: }
14: extern void rb_scheduler_timeout();
15: int t(void) { rb_scheduler_timeout(); return 0; }
/* end */

--------------------

